This file contains any messages produced by compilers while
running configure, to aid debugging if configure makes a mistake.

It was created by configure, which was
generated by GNU Autoconf 2.59.  Invocation command line was

  $ ./configure 

## --------- ##
## Platform. ##
## --------- ##

hostname = baudelaire
uname -m = i686
uname -r = 2.6.15-20-686
uname -s = Linux
uname -v = #1 SMP PREEMPT Tue Apr 4 18:37:00 UTC 2006

/usr/bin/uname -p = unknown
/bin/uname -X     = unknown

/bin/arch              = i686
/usr/bin/arch -k       = unknown
/usr/convex/getsysinfo = unknown
hostinfo               = unknown
/bin/machine           = unknown
/usr/bin/oslevel       = unknown
/bin/universe          = unknown

PATH: /usr/local/mellon
PATH: /usr/local/sbin
PATH: /usr/local/bin
PATH: /usr/sbin
PATH: /usr/bin
PATH: /sbin
PATH: /bin
PATH: /usr/bin/X11
PATH: /usr/games
PATH: /home/dario/.local/bin


## ----------- ##
## Core tests. ##
## ----------- ##

configure:1586: checking build system type
configure:1604: result: i686-pc-linux-gnu
configure:1612: checking host system type
configure:1626: result: i686-pc-linux-gnu
configure:1634: checking target system type
configure:1648: result: i686-pc-linux-gnu
configure:1714: checking for gcc
configure:1730: found /usr/bin/gcc
configure:1740: result: gcc
configure:1984: checking for C compiler version
configure:1987: gcc --version </dev/null >&5
gcc (GCC) 4.0.3 (Ubuntu 4.0.3-1ubuntu4)
Copyright (C) 2006 Free Software Foundation, Inc.
This is free software; see the source for copying conditions.  There is NO
warranty; not even for MERCHANTABILITY or FITNESS FOR A PARTICULAR PURPOSE.

configure:1990: $? = 0
configure:1992: gcc -v </dev/null >&5
Using built-in specs.
Target: i486-linux-gnu
Configured with: ../src/configure -v --enable-languages=c,c++,java,f95,objc,ada,treelang --prefix=/usr --enable-shared --with-system-zlib --libexecdir=/usr/lib --without-included-gettext --enable-threads=posix --enable-nls --program-suffix=-4.0 --enable-__cxa_atexit --enable-clocale=gnu --enable-libstdcxx-debug --enable-java-awt=gtk-default --enable-gtk-cairo --with-java-home=/usr/lib/jvm/java-1.4.2-gcj-4.0-1.4.2.0/jre --enable-mpfr --disable-werror --with-tune=pentium4 --enable-checking=release i486-linux-gnu
Thread model: posix
gcc version 4.0.3 (Ubuntu 4.0.3-1ubuntu4)
configure:1995: $? = 0
configure:1997: gcc -V </dev/null >&5
gcc: '-V' option must have argument
configure:2000: $? = 1
configure:2023: checking for C compiler default output file name
configure:2026: gcc    conftest.c  >&5
configure:2029: $? = 0
configure:2075: result: a.out
configure:2080: checking whether the C compiler works
configure:2086: ./a.out
configure:2089: $? = 0
configure:2106: result: yes
configure:2113: checking whether we are cross compiling
configure:2115: result: no
configure:2118: checking for suffix of executables
configure:2120: gcc -o conftest    conftest.c  >&5
configure:2123: $? = 0
configure:2148: result: 
configure:2154: checking for suffix of object files
configure:2175: gcc -c   conftest.c >&5
configure:2178: $? = 0
configure:2200: result: o
configure:2204: checking whether we are using the GNU C compiler
configure:2228: gcc -c   conftest.c >&5
configure:2234: $? = 0
configure:2237: test -z 			 || test ! -s conftest.err
configure:2240: $? = 0
configure:2243: test -s conftest.o
configure:2246: $? = 0
configure:2259: result: yes
configure:2265: checking whether gcc accepts -g
configure:2286: gcc -c -g  conftest.c >&5
configure:2292: $? = 0
configure:2295: test -z 			 || test ! -s conftest.err
configure:2298: $? = 0
configure:2301: test -s conftest.o
configure:2304: $? = 0
configure:2315: result: yes
configure:2332: checking for gcc option to accept ANSI C
configure:2402: gcc  -c -g -O2  conftest.c >&5
configure:2408: $? = 0
configure:2411: test -z 			 || test ! -s conftest.err
configure:2414: $? = 0
configure:2417: test -s conftest.o
configure:2420: $? = 0
configure:2438: result: none needed
configure:2456: gcc -c -g -O2  conftest.c >&5
conftest.c:2: error: syntax error before 'me'
configure:2462: $? = 1
configure: failed program was:
| #ifndef __cplusplus
|   choke me
| #endif
configure:2644: checking for g++
configure:2660: found /usr/bin/g++
configure:2670: result: g++
configure:2686: checking for C++ compiler version
configure:2689: g++ --version </dev/null >&5
g++ (GCC) 4.0.3 (Ubuntu 4.0.3-1ubuntu4)
Copyright (C) 2006 Free Software Foundation, Inc.
This is free software; see the source for copying conditions.  There is NO
warranty; not even for MERCHANTABILITY or FITNESS FOR A PARTICULAR PURPOSE.

configure:2692: $? = 0
configure:2694: g++ -v </dev/null >&5
Using built-in specs.
Target: i486-linux-gnu
Configured with: ../src/configure -v --enable-languages=c,c++,java,f95,objc,ada,treelang --prefix=/usr --enable-shared --with-system-zlib --libexecdir=/usr/lib --without-included-gettext --enable-threads=posix --enable-nls --program-suffix=-4.0 --enable-__cxa_atexit --enable-clocale=gnu --enable-libstdcxx-debug --enable-java-awt=gtk-default --enable-gtk-cairo --with-java-home=/usr/lib/jvm/java-1.4.2-gcj-4.0-1.4.2.0/jre --enable-mpfr --disable-werror --with-tune=pentium4 --enable-checking=release i486-linux-gnu
Thread model: posix
gcc version 4.0.3 (Ubuntu 4.0.3-1ubuntu4)
configure:2697: $? = 0
configure:2699: g++ -V </dev/null >&5
g++: '-V' option must have argument
configure:2702: $? = 1
configure:2705: checking whether we are using the GNU C++ compiler
configure:2729: g++ -c   conftest.cc >&5
configure:2735: $? = 0
configure:2738: test -z 			 || test ! -s conftest.err
configure:2741: $? = 0
configure:2744: test -s conftest.o
configure:2747: $? = 0
configure:2760: result: yes
configure:2766: checking whether g++ accepts -g
configure:2787: g++ -c -g  conftest.cc >&5
configure:2793: $? = 0
configure:2796: test -z 			 || test ! -s conftest.err
configure:2799: $? = 0
configure:2802: test -s conftest.o
configure:2805: $? = 0
configure:2816: result: yes
configure:2858: g++ -c -g -O2  conftest.cc >&5
configure:2864: $? = 0
configure:2867: test -z 			 || test ! -s conftest.err
configure:2870: $? = 0
configure:2873: test -s conftest.o
configure:2876: $? = 0
configure:2902: g++ -c -g -O2  conftest.cc >&5
conftest.cc: In function 'int main()':
conftest.cc:13: error: 'exit' was not declared in this scope
configure:2908: $? = 1
configure: failed program was:
| /* confdefs.h.  */
| 
| #define PACKAGE_NAME ""
| #define PACKAGE_TARNAME ""
| #define PACKAGE_VERSION ""
| #define PACKAGE_STRING ""
| #define PACKAGE_BUGREPORT ""
| /* end confdefs.h.  */
| 
| int
| main ()
| {
| exit (42);
|   ;
|   return 0;
| }
configure:2858: g++ -c -g -O2  conftest.cc >&5
configure:2864: $? = 0
configure:2867: test -z 			 || test ! -s conftest.err
configure:2870: $? = 0
configure:2873: test -s conftest.o
configure:2876: $? = 0
configure:2902: g++ -c -g -O2  conftest.cc >&5
configure:2908: $? = 0
configure:2911: test -z 			 || test ! -s conftest.err
configure:2914: $? = 0
configure:2917: test -s conftest.o
configure:2920: $? = 0
configure:2956: checking for a BSD-compatible install
configure:3011: result: /usr/bin/install -c
configure:3022: checking whether make sets $(MAKE)
configure:3042: result: yes
configure:3052: checking whether byte ordering is bigendian
configure:3079: gcc -c -g -O2  conftest.c >&5
configure:3085: $? = 0
configure:3088: test -z 			 || test ! -s conftest.err
configure:3091: $? = 0
configure:3094: test -s conftest.o
configure:3097: $? = 0
configure:3121: gcc -c -g -O2  conftest.c >&5
conftest.c: In function 'main':
conftest.c:19: error: 'not' undeclared (first use in this function)
conftest.c:19: error: (Each undeclared identifier is reported only once
conftest.c:19: error: for each function it appears in.)
conftest.c:19: error: syntax error before 'big'
configure:3127: $? = 1
configure: failed program was:
| /* confdefs.h.  */
| 
| #define PACKAGE_NAME ""
| #define PACKAGE_TARNAME ""
| #define PACKAGE_VERSION ""
| #define PACKAGE_STRING ""
| #define PACKAGE_BUGREPORT ""
| #ifdef __cplusplus
| extern "C" void std::exit (int) throw (); using std::exit;
| #endif
| /* end confdefs.h.  */
| #include <sys/types.h>
| #include <sys/param.h>
| 
| int
| main ()
| {
| #if BYTE_ORDER != BIG_ENDIAN
|  not big endian
| #endif
| 
|   ;
|   return 0;
| }
configure:3260: result: no
configure:3286: checking how to run the C preprocessor
configure:3321: gcc -E  conftest.c
configure:3327: $? = 0
configure:3359: gcc -E  conftest.c
conftest.c:12:28: error: ac_nonexistent.h: No such file or directory
configure:3365: $? = 1
configure: failed program was:
| /* confdefs.h.  */
| 
| #define PACKAGE_NAME ""
| #define PACKAGE_TARNAME ""
| #define PACKAGE_VERSION ""
| #define PACKAGE_STRING ""
| #define PACKAGE_BUGREPORT ""
| #ifdef __cplusplus
| extern "C" void std::exit (int) throw (); using std::exit;
| #endif
| /* end confdefs.h.  */
| #include <ac_nonexistent.h>
configure:3404: result: gcc -E
configure:3428: gcc -E  conftest.c
configure:3434: $? = 0
configure:3466: gcc -E  conftest.c
conftest.c:12:28: error: ac_nonexistent.h: No such file or directory
configure:3472: $? = 1
configure: failed program was:
| /* confdefs.h.  */
| 
| #define PACKAGE_NAME ""
| #define PACKAGE_TARNAME ""
| #define PACKAGE_VERSION ""
| #define PACKAGE_STRING ""
| #define PACKAGE_BUGREPORT ""
| #ifdef __cplusplus
| extern "C" void std::exit (int) throw (); using std::exit;
| #endif
| /* end confdefs.h.  */
| #include <ac_nonexistent.h>
configure:3518: checking for X
configure:3624: gcc -E  conftest.c
configure:3630: $? = 0
configure:3752: result: libraries /usr/X11R6/lib, headers in standard search path
configure:3923: gcc -o conftest -g -O2   conftest.c   -L/usr/X11R6/lib -lX11 >&5
configure:3929: $? = 0
configure:3932: test -z 			 || test ! -s conftest.err
configure:3935: $? = 0
configure:3938: test -s conftest
configure:3941: $? = 0
configure:4097: checking for gethostbyname
configure:4154: gcc -o conftest -g -O2   conftest.c  >&5
configure:4160: $? = 0
configure:4163: test -z 			 || test ! -s conftest.err
configure:4166: $? = 0
configure:4169: test -s conftest
configure:4172: $? = 0
configure:4184: result: yes
configure:4333: checking for connect
configure:4390: gcc -o conftest -g -O2   conftest.c  >&5
configure:4396: $? = 0
configure:4399: test -z 			 || test ! -s conftest.err
configure:4402: $? = 0
configure:4405: test -s conftest
configure:4408: $? = 0
configure:4420: result: yes
configure:4494: checking for remove
configure:4551: gcc -o conftest -g -O2   conftest.c  >&5
configure:4557: $? = 0
configure:4560: test -z 			 || test ! -s conftest.err
configure:4563: $? = 0
configure:4566: test -s conftest
configure:4569: $? = 0
configure:4581: result: yes
configure:4655: checking for shmat
configure:4712: gcc -o conftest -g -O2   conftest.c  >&5
configure:4718: $? = 0
configure:4721: test -z 			 || test ! -s conftest.err
configure:4724: $? = 0
configure:4727: test -s conftest
configure:4730: $? = 0
configure:4742: result: yes
configure:4825: checking for IceConnectionNumber in -lICE
configure:4855: gcc -o conftest -g -O2   -L/usr/X11R6/lib conftest.c -lICE   >&5
configure:4861: $? = 0
configure:4864: test -z 			 || test ! -s conftest.err
configure:4867: $? = 0
configure:4870: test -s conftest
configure:4873: $? = 0
configure:4886: result: yes
configure:4898: checking whether build environment is sane
configure:4941: result: yes
configure:4979: checking for working aclocal-1.4
configure:4990: result: missing
configure:4994: checking for working autoconf
configure:5001: result: found
configure:5009: checking for working automake-1.4
configure:5020: result: missing
configure:5024: checking for working autoheader
configure:5031: result: found
configure:5039: checking for working makeinfo
configure:5050: result: missing
configure:5133: checking for a sed that does not truncate output
configure:5187: result: /bin/sed
configure:5190: checking for egrep
configure:5200: result: grep -E
configure:5216: checking for ld used by gcc
configure:5283: result: /usr/bin/ld
configure:5292: checking if the linker (/usr/bin/ld) is GNU ld
configure:5307: result: yes
configure:5312: checking for /usr/bin/ld option to reload object files
configure:5319: result: -r
configure:5328: checking for BSD-compatible nm
configure:5370: result: /usr/bin/nm -B
configure:5374: checking whether ln -s works
configure:5378: result: yes
configure:5385: checking how to recognise dependent libraries
configure:5586: result: pass_all
configure:6035: checking for ANSI C header files
configure:6060: gcc -c -g -O2  conftest.c >&5
configure:6066: $? = 0
configure:6069: test -z 			 || test ! -s conftest.err
configure:6072: $? = 0
configure:6075: test -s conftest.o
configure:6078: $? = 0
configure:6167: gcc -o conftest -g -O2   conftest.c  >&5
conftest.c: In function 'main':
conftest.c:31: warning: incompatible implicit declaration of built-in function 'exit'
configure:6170: $? = 0
configure:6172: ./conftest
configure:6175: $? = 0
configure:6190: result: yes
configure:6214: checking for sys/types.h
configure:6230: gcc -c -g -O2  conftest.c >&5
configure:6236: $? = 0
configure:6239: test -z 			 || test ! -s conftest.err
configure:6242: $? = 0
configure:6245: test -s conftest.o
configure:6248: $? = 0
configure:6259: result: yes
configure:6214: checking for sys/stat.h
configure:6230: gcc -c -g -O2  conftest.c >&5
configure:6236: $? = 0
configure:6239: test -z 			 || test ! -s conftest.err
configure:6242: $? = 0
configure:6245: test -s conftest.o
configure:6248: $? = 0
configure:6259: result: yes
configure:6214: checking for stdlib.h
configure:6230: gcc -c -g -O2  conftest.c >&5
configure:6236: $? = 0
configure:6239: test -z 			 || test ! -s conftest.err
configure:6242: $? = 0
configure:6245: test -s conftest.o
configure:6248: $? = 0
configure:6259: result: yes
configure:6214: checking for string.h
configure:6230: gcc -c -g -O2  conftest.c >&5
configure:6236: $? = 0
configure:6239: test -z 			 || test ! -s conftest.err
configure:6242: $? = 0
configure:6245: test -s conftest.o
configure:6248: $? = 0
configure:6259: result: yes
configure:6214: checking for memory.h
configure:6230: gcc -c -g -O2  conftest.c >&5
configure:6236: $? = 0
configure:6239: test -z 			 || test ! -s conftest.err
configure:6242: $? = 0
configure:6245: test -s conftest.o
configure:6248: $? = 0
configure:6259: result: yes
configure:6214: checking for strings.h
configure:6230: gcc -c -g -O2  conftest.c >&5
configure:6236: $? = 0
configure:6239: test -z 			 || test ! -s conftest.err
configure:6242: $? = 0
configure:6245: test -s conftest.o
configure:6248: $? = 0
configure:6259: result: yes
configure:6214: checking for inttypes.h
configure:6230: gcc -c -g -O2  conftest.c >&5
configure:6236: $? = 0
configure:6239: test -z 			 || test ! -s conftest.err
configure:6242: $? = 0
configure:6245: test -s conftest.o
configure:6248: $? = 0
configure:6259: result: yes
configure:6214: checking for stdint.h
configure:6230: gcc -c -g -O2  conftest.c >&5
configure:6236: $? = 0
configure:6239: test -z 			 || test ! -s conftest.err
configure:6242: $? = 0
configure:6245: test -s conftest.o
configure:6248: $? = 0
configure:6259: result: yes
configure:6214: checking for unistd.h
configure:6230: gcc -c -g -O2  conftest.c >&5
configure:6236: $? = 0
configure:6239: test -z 			 || test ! -s conftest.err
configure:6242: $? = 0
configure:6245: test -s conftest.o
configure:6248: $? = 0
configure:6259: result: yes
configure:6285: checking dlfcn.h usability
configure:6297: gcc -c -g -O2  conftest.c >&5
configure:6303: $? = 0
configure:6306: test -z 			 || test ! -s conftest.err
configure:6309: $? = 0
configure:6312: test -s conftest.o
configure:6315: $? = 0
configure:6325: result: yes
configure:6329: checking dlfcn.h presence
configure:6339: gcc -E  conftest.c
configure:6345: $? = 0
configure:6365: result: yes
configure:6400: checking for dlfcn.h
configure:6407: result: yes
configure:6425: checking how to run the C++ preprocessor
configure:6456: g++ -E  conftest.cc
configure:6462: $? = 0
configure:6494: g++ -E  conftest.cc
conftest.cc:25:28: error: ac_nonexistent.h: No such file or directory
configure:6500: $? = 1
configure: failed program was:
| /* confdefs.h.  */
| 
| #define PACKAGE_NAME ""
| #define PACKAGE_TARNAME ""
| #define PACKAGE_VERSION ""
| #define PACKAGE_STRING ""
| #define PACKAGE_BUGREPORT ""
| #ifdef __cplusplus
| extern "C" void std::exit (int) throw (); using std::exit;
| #endif
| #define PACKAGE "DevIL"
| #define VERSION "1.6.8-RC1"
| #define STDC_HEADERS 1
| #define HAVE_SYS_TYPES_H 1
| #define HAVE_SYS_STAT_H 1
| #define HAVE_STDLIB_H 1
| #define HAVE_STRING_H 1
| #define HAVE_MEMORY_H 1
| #define HAVE_STRINGS_H 1
| #define HAVE_INTTYPES_H 1
| #define HAVE_STDINT_H 1
| #define HAVE_UNISTD_H 1
| #define HAVE_DLFCN_H 1
| /* end confdefs.h.  */
| #include <ac_nonexistent.h>
configure:6539: result: g++ -E
configure:6563: g++ -E  conftest.cc
configure:6569: $? = 0
configure:6601: g++ -E  conftest.cc
conftest.cc:25:28: error: ac_nonexistent.h: No such file or directory
configure:6607: $? = 1
configure: failed program was:
| /* confdefs.h.  */
| 
| #define PACKAGE_NAME ""
| #define PACKAGE_TARNAME ""
| #define PACKAGE_VERSION ""
| #define PACKAGE_STRING ""
| #define PACKAGE_BUGREPORT ""
| #ifdef __cplusplus
| extern "C" void std::exit (int) throw (); using std::exit;
| #endif
| #define PACKAGE "DevIL"
| #define VERSION "1.6.8-RC1"
| #define STDC_HEADERS 1
| #define HAVE_SYS_TYPES_H 1
| #define HAVE_SYS_STAT_H 1
| #define HAVE_STDLIB_H 1
| #define HAVE_STRING_H 1
| #define HAVE_MEMORY_H 1
| #define HAVE_STRINGS_H 1
| #define HAVE_INTTYPES_H 1
| #define HAVE_STDINT_H 1
| #define HAVE_UNISTD_H 1
| #define HAVE_DLFCN_H 1
| /* end confdefs.h.  */
| #include <ac_nonexistent.h>
configure:6702: checking for g77
configure:6731: result: no
configure:6702: checking for f77
configure:6731: result: no
configure:6702: checking for xlf
configure:6731: result: no
configure:6702: checking for frt
configure:6731: result: no
configure:6702: checking for pgf77
configure:6731: result: no
configure:6702: checking for fort77
configure:6731: result: no
configure:6702: checking for fl32
configure:6731: result: no
configure:6702: checking for af77
configure:6731: result: no
configure:6702: checking for f90
configure:6731: result: no
configure:6702: checking for xlf90
configure:6731: result: no
configure:6702: checking for pgf90
configure:6731: result: no
configure:6702: checking for epcf90
configure:6731: result: no
configure:6702: checking for f95
configure:6731: result: no
configure:6702: checking for fort
configure:6731: result: no
configure:6702: checking for xlf95
configure:6731: result: no
configure:6702: checking for ifc
configure:6731: result: no
configure:6702: checking for efc
configure:6731: result: no
configure:6702: checking for pgf95
configure:6731: result: no
configure:6702: checking for lf95
configure:6731: result: no
configure:6702: checking for gfortran
configure:6731: result: no
configure:6743: checking for Fortran 77 compiler version
configure:6746:  --version </dev/null >&5
./configure: line 6747: --version: command not found
configure:6749: $? = 127
configure:6751:  -v </dev/null >&5
./configure: line 6752: -v: command not found
configure:6754: $? = 127
configure:6756:  -V </dev/null >&5
./configure: line 6757: -V: command not found
configure:6759: $? = 127
configure:6767: checking whether we are using the GNU Fortran 77 compiler
configure:6781:  -c  conftest.F >&5
./configure: line 6782: -c: command not found
configure:6787: $? = 127
configure: failed program was:
|       program main
| #ifndef __GNUC__
|        choke me
| #endif
| 
|       end
configure:6812: result: no
configure:6818: checking whether  accepts -g
configure:6830:  -c -g conftest.f >&5
./configure: line 6831: -c: command not found
configure:6836: $? = 127
configure: failed program was:
|       program main
| 
|       end
configure:6860: result: no
configure:6890: checking the maximum length of command line arguments
configure:6949: result: 32768
configure:6960: checking command to parse /usr/bin/nm -B output from gcc object
configure:7049: gcc -c -g -O2  conftest.c >&5
configure:7052: $? = 0
configure:7056: /usr/bin/nm -B conftest.o \| sed -n -e 's/^.*[ 	]\([ABCDGISTW][ABCDGISTW]*\)[ 	][ 	]*\(\)\([_A-Za-z][_A-Za-z0-9]*\)$/\1 \2\3 \3/p' \> conftest.nm
configure:7059: $? = 0
configure:7111: gcc -o conftest -g -O2   conftest.c conftstm.o >&5
configure:7114: $? = 0
configure:7152: result: ok
configure:7156: checking for objdir
configure:7171: result: .libs
configure:7261: checking for ar
configure:7277: found /usr/bin/ar
configure:7288: result: ar
configure:7341: checking for ranlib
configure:7357: found /usr/bin/ranlib
configure:7368: result: ranlib
configure:7421: checking for strip
configure:7437: found /usr/bin/strip
configure:7448: result: strip
configure:7710: checking if gcc static flag  works
configure:7733: result: yes
configure:7750: checking if gcc supports -fno-rtti -fno-exceptions
configure:7768: gcc -c -g -O2  -fno-rtti -fno-exceptions conftest.c >&5
cc1: warning: command line option "-fno-rtti" is valid for C++/ObjC++ but not for C
configure:7772: $? = 0
configure:7783: result: no
configure:7798: checking for gcc option to produce PIC
configure:7975: result: -fPIC
configure:7982: checking if gcc PIC flag -fPIC works
configure:8000: gcc -c -g -O2  -fPIC -DPIC conftest.c >&5
configure:8004: $? = 0
configure:8015: result: yes
configure:8039: checking if gcc supports -c -o file.o
configure:8067: gcc -c -g -O2  -o out/conftest2.o conftest.c >&5
configure:8071: $? = 0
configure:8088: result: yes
configure:8114: checking whether the gcc linker (/usr/bin/ld) supports shared libraries
configure:8926: result: yes
configure:8952: checking whether -lc should be explicitly linked in
configure:8957: gcc -c -g -O2  conftest.c >&5
configure:8960: $? = 0
configure:8974: gcc -shared conftest.o  -v -Wl,-soname -Wl,conftest -o conftest 2\>\&1 \| grep  -lc  \>/dev/null 2\>\&1
configure:8977: $? = 0
configure:8989: result: no
configure:8997: checking how to hardcode library paths into programs
configure:9022: result: immediate
configure:9036: checking whether stripping libraries is possible
configure:9041: result: yes
configure:9063: checking dynamic linker characteristics
configure:9576: result: GNU/Linux ld.so
configure:10381: checking if libtool supports shared libraries
configure:10383: result: yes
configure:10386: checking whether to build shared libraries
configure:10435: result: yes
configure:10438: checking whether to build static libraries
configure:10442: result: no
configure:10533: creating libtool
configure:11077: checking for ld used by g++
configure:11144: result: /usr/bin/ld
configure:11153: checking if the linker (/usr/bin/ld) is GNU ld
configure:11168: result: yes
configure:11219: checking whether the g++ linker (/usr/bin/ld) supports shared libraries
configure:12032: result: yes
configure:12050: g++ -c -g -O2  conftest.cc >&5
configure:12053: $? = 0
configure:12149: checking for g++ option to produce PIC
configure:12401: result: -fPIC
configure:12408: checking if g++ PIC flag -fPIC works
configure:12426: g++ -c -g -O2  -fPIC -DPIC conftest.cc >&5
configure:12430: $? = 0
configure:12441: result: yes
configure:12465: checking if g++ supports -c -o file.o
configure:12493: g++ -c -g -O2  -o out/conftest2.o conftest.cc >&5
configure:12497: $? = 0
configure:12514: result: yes
configure:12540: checking whether the g++ linker (/usr/bin/ld) supports shared libraries
configure:12565: result: yes
configure:12636: checking how to hardcode library paths into programs
configure:12661: result: immediate
configure:12675: checking whether stripping libraries is possible
configure:12680: result: yes
configure:12702: checking dynamic linker characteristics
configure:13215: result: GNU/Linux ld.so
configure:20280: checking whether to enable maintainer-specific portions of Makefiles
configure:20289: result: no
configure:20305: checking Altivec gcc extension
configure:20318: gcc -c -faltivec  conftest.c >&5
cc1: error: unrecognized command line option "-faltivec"
configure:20324: $? = 1
configure: failed program was:
| 
| int main() {
| 	vector unsigned int vec;
| 	vec = vec_splat_u32(0);
| 	return 0;
| }
configure:20352: result: no
configure:20359: checking SSE
configure:20370: gcc -c -msse  conftest.c >&5
configure:20376: $? = 0
configure:20379: test -z 			 || test ! -s conftest.err
configure:20382: $? = 0
configure:20385: test -s conftest.o
configure:20388: $? = 0
configure:20399: result: yes
configure:20412: checking SSE2
configure:20423: gcc -c -msse2  conftest.c >&5
configure:20429: $? = 0
configure:20432: test -z 			 || test ! -s conftest.err
configure:20435: $? = 0
configure:20438: test -s conftest.o
configure:20441: $? = 0
configure:20452: result: yes
configure:20465: checking SSE3
configure:20476: gcc -c -msse3  conftest.c >&5
conftest.c: In function 'main':
conftest.c:5: error: incompatible types in assignment
configure:20482: $? = 1
configure: failed program was:
| 
| #include <emmintrin.h>
| int main() {
|         __m128d v;
|         v = _mm_addsub_pd(v,v);
| }
configure:20511: result: no
configure:20516: checking for valloc
configure:20573: gcc -o conftest -g -O2   conftest.c  >&5
configure:20579: $? = 0
configure:20582: test -z 			 || test ! -s conftest.err
configure:20585: $? = 0
configure:20588: test -s conftest
configure:20591: $? = 0
configure:20603: result: yes
configure:20613: checking for posix_memalign
configure:20670: gcc -o conftest -g -O2   conftest.c  >&5
configure:20676: $? = 0
configure:20679: test -z 			 || test ! -s conftest.err
configure:20682: $? = 0
configure:20685: test -s conftest
configure:20688: $? = 0
configure:20700: result: yes
configure:20710: checking for memalign
configure:20767: gcc -o conftest -g -O2   conftest.c  >&5
configure:20773: $? = 0
configure:20776: test -z 			 || test ! -s conftest.err
configure:20779: $? = 0
configure:20782: test -s conftest
configure:20785: $? = 0
configure:20797: result: yes
configure:21313: checking jpeglib.h usability
configure:21325: gcc -c -Wall -g -O2  conftest.c >&5
configure:21331: $? = 0
configure:21334: test -z 			 || test ! -s conftest.err
configure:21337: $? = 0
configure:21340: test -s conftest.o
configure:21343: $? = 0
configure:21353: result: yes
configure:21357: checking jpeglib.h presence
configure:21367: gcc -E  conftest.c
configure:21373: $? = 0
configure:21393: result: yes
configure:21428: checking for jpeglib.h
configure:21435: result: yes
configure:21456: checking tiffio.h usability
configure:21468: gcc -c -Wall -g -O2  conftest.c >&5
configure:21474: $? = 0
configure:21477: test -z 			 || test ! -s conftest.err
configure:21480: $? = 0
configure:21483: test -s conftest.o
configure:21486: $? = 0
configure:21496: result: yes
configure:21500: checking tiffio.h presence
configure:21510: gcc -E  conftest.c
configure:21516: $? = 0
configure:21536: result: yes
configure:21571: checking for tiffio.h
configure:21578: result: yes
configure:21599: checking png.h usability
configure:21611: gcc -c -Wall -g -O2  conftest.c >&5
configure:21617: $? = 0
configure:21620: test -z 			 || test ! -s conftest.err
configure:21623: $? = 0
configure:21626: test -s conftest.o
configure:21629: $? = 0
configure:21639: result: yes
configure:21643: checking png.h presence
configure:21653: gcc -E  conftest.c
configure:21659: $? = 0
configure:21679: result: yes
configure:21714: checking for png.h
configure:21721: result: yes
configure:21742: checking lcms/lcms.h usability
configure:21754: gcc -c -Wall -g -O2  conftest.c >&5
conftest.c:66:23: error: lcms/lcms.h: No such file or directory
configure:21760: $? = 1
configure: failed program was:
| /* confdefs.h.  */
| 
| #define PACKAGE_NAME ""
| #define PACKAGE_TARNAME ""
| #define PACKAGE_VERSION ""
| #define PACKAGE_STRING ""
| #define PACKAGE_BUGREPORT ""
| #ifdef __cplusplus
| extern "C" void std::exit (int) throw (); using std::exit;
| #endif
| #define PACKAGE "DevIL"
| #define VERSION "1.6.8-RC1"
| #define STDC_HEADERS 1
| #define HAVE_SYS_TYPES_H 1
| #define HAVE_SYS_STAT_H 1
| #define HAVE_STDLIB_H 1
| #define HAVE_STRING_H 1
| #define HAVE_MEMORY_H 1
| #define HAVE_STRINGS_H 1
| #define HAVE_INTTYPES_H 1
| #define HAVE_STDINT_H 1
| #define HAVE_UNISTD_H 1
| #define HAVE_DLFCN_H 1
| #define SSE
| #define VECTORMEM
| #define SSE2
| #define VECTORMEM
| #define VALLOC
| #define POSIX_MEMALIGN
| #define MEMALIGN
| /* end confdefs.h.  */
| #include <stdio.h>
| #if HAVE_SYS_TYPES_H
| # include <sys/types.h>
| #endif
| #if HAVE_SYS_STAT_H
| # include <sys/stat.h>
| #endif
| #if STDC_HEADERS
| # include <stdlib.h>
| # include <stddef.h>
| #else
| # if HAVE_STDLIB_H
| #  include <stdlib.h>
| # endif
| #endif
| #if HAVE_STRING_H
| # if !STDC_HEADERS && HAVE_MEMORY_H
| #  include <memory.h>
| # endif
| # include <string.h>
| #endif
| #if HAVE_STRINGS_H
| # include <strings.h>
| #endif
| #if HAVE_INTTYPES_H
| # include <inttypes.h>
| #else
| # if HAVE_STDINT_H
| #  include <stdint.h>
| # endif
| #endif
| #if HAVE_UNISTD_H
| # include <unistd.h>
| #endif
| #include <lcms/lcms.h>
configure:21782: result: no
configure:21786: checking lcms/lcms.h presence
configure:21796: gcc -E  conftest.c
conftest.c:32:23: error: lcms/lcms.h: No such file or directory
configure:21802: $? = 1
configure: failed program was:
| /* confdefs.h.  */
| 
| #define PACKAGE_NAME ""
| #define PACKAGE_TARNAME ""
| #define PACKAGE_VERSION ""
| #define PACKAGE_STRING ""
| #define PACKAGE_BUGREPORT ""
| #ifdef __cplusplus
| extern "C" void std::exit (int) throw (); using std::exit;
| #endif
| #define PACKAGE "DevIL"
| #define VERSION "1.6.8-RC1"
| #define STDC_HEADERS 1
| #define HAVE_SYS_TYPES_H 1
| #define HAVE_SYS_STAT_H 1
| #define HAVE_STDLIB_H 1
| #define HAVE_STRING_H 1
| #define HAVE_MEMORY_H 1
| #define HAVE_STRINGS_H 1
| #define HAVE_INTTYPES_H 1
| #define HAVE_STDINT_H 1
| #define HAVE_UNISTD_H 1
| #define HAVE_DLFCN_H 1
| #define SSE
| #define VECTORMEM
| #define SSE2
| #define VECTORMEM
| #define VALLOC
| #define POSIX_MEMALIGN
| #define MEMALIGN
| /* end confdefs.h.  */
| #include <lcms/lcms.h>
configure:21822: result: no
configure:21857: checking for lcms/lcms.h
configure:21864: result: no
configure:21885: checking lcms.h usability
configure:21897: gcc -c -Wall -g -O2  conftest.c >&5
configure:21903: $? = 0
configure:21906: test -z 			 || test ! -s conftest.err
configure:21909: $? = 0
configure:21912: test -s conftest.o
configure:21915: $? = 0
configure:21925: result: yes
configure:21929: checking lcms.h presence
configure:21939: gcc -E  conftest.c
configure:21945: $? = 0
configure:21965: result: yes
configure:22000: checking for lcms.h
configure:22007: result: yes
configure:22028: checking libmng.h usability
configure:22040: gcc -c -Wall -g -O2  conftest.c >&5
configure:22046: $? = 0
configure:22049: test -z 			 || test ! -s conftest.err
configure:22052: $? = 0
configure:22055: test -s conftest.o
configure:22058: $? = 0
configure:22068: result: yes
configure:22072: checking libmng.h presence
configure:22082: gcc -E  conftest.c
configure:22088: $? = 0
configure:22108: result: yes
configure:22143: checking for libmng.h
configure:22150: result: yes
configure:22171: checking d3d8.h usability
configure:22183: gcc -c -Wall -g -O2  conftest.c >&5
conftest.c:66:18: error: d3d8.h: No such file or directory
configure:22189: $? = 1
configure: failed program was:
| /* confdefs.h.  */
| 
| #define PACKAGE_NAME ""
| #define PACKAGE_TARNAME ""
| #define PACKAGE_VERSION ""
| #define PACKAGE_STRING ""
| #define PACKAGE_BUGREPORT ""
| #ifdef __cplusplus
| extern "C" void std::exit (int) throw (); using std::exit;
| #endif
| #define PACKAGE "DevIL"
| #define VERSION "1.6.8-RC1"
| #define STDC_HEADERS 1
| #define HAVE_SYS_TYPES_H 1
| #define HAVE_SYS_STAT_H 1
| #define HAVE_STDLIB_H 1
| #define HAVE_STRING_H 1
| #define HAVE_MEMORY_H 1
| #define HAVE_STRINGS_H 1
| #define HAVE_INTTYPES_H 1
| #define HAVE_STDINT_H 1
| #define HAVE_UNISTD_H 1
| #define HAVE_DLFCN_H 1
| #define SSE
| #define VECTORMEM
| #define SSE2
| #define VECTORMEM
| #define VALLOC
| #define POSIX_MEMALIGN
| #define MEMALIGN
| /* end confdefs.h.  */
| #include <stdio.h>
| #if HAVE_SYS_TYPES_H
| # include <sys/types.h>
| #endif
| #if HAVE_SYS_STAT_H
| # include <sys/stat.h>
| #endif
| #if STDC_HEADERS
| # include <stdlib.h>
| # include <stddef.h>
| #else
| # if HAVE_STDLIB_H
| #  include <stdlib.h>
| # endif
| #endif
| #if HAVE_STRING_H
| # if !STDC_HEADERS && HAVE_MEMORY_H
| #  include <memory.h>
| # endif
| # include <string.h>
| #endif
| #if HAVE_STRINGS_H
| # include <strings.h>
| #endif
| #if HAVE_INTTYPES_H
| # include <inttypes.h>
| #else
| # if HAVE_STDINT_H
| #  include <stdint.h>
| # endif
| #endif
| #if HAVE_UNISTD_H
| # include <unistd.h>
| #endif
| #include <d3d8.h>
configure:22211: result: no
configure:22215: checking d3d8.h presence
configure:22225: gcc -E  conftest.c
conftest.c:32:18: error: d3d8.h: No such file or directory
configure:22231: $? = 1
configure: failed program was:
| /* confdefs.h.  */
| 
| #define PACKAGE_NAME ""
| #define PACKAGE_TARNAME ""
| #define PACKAGE_VERSION ""
| #define PACKAGE_STRING ""
| #define PACKAGE_BUGREPORT ""
| #ifdef __cplusplus
| extern "C" void std::exit (int) throw (); using std::exit;
| #endif
| #define PACKAGE "DevIL"
| #define VERSION "1.6.8-RC1"
| #define STDC_HEADERS 1
| #define HAVE_SYS_TYPES_H 1
| #define HAVE_SYS_STAT_H 1
| #define HAVE_STDLIB_H 1
| #define HAVE_STRING_H 1
| #define HAVE_MEMORY_H 1
| #define HAVE_STRINGS_H 1
| #define HAVE_INTTYPES_H 1
| #define HAVE_STDINT_H 1
| #define HAVE_UNISTD_H 1
| #define HAVE_DLFCN_H 1
| #define SSE
| #define VECTORMEM
| #define SSE2
| #define VECTORMEM
| #define VALLOC
| #define POSIX_MEMALIGN
| #define MEMALIGN
| /* end confdefs.h.  */
| #include <d3d8.h>
configure:22251: result: no
configure:22286: checking for d3d8.h
configure:22293: result: no
configure:22461: checking GL/gl.h usability
configure:22473: gcc -c -Wall -g -O2  conftest.c >&5
configure:22479: $? = 0
configure:22482: test -z 			 || test ! -s conftest.err
configure:22485: $? = 0
configure:22488: test -s conftest.o
configure:22491: $? = 0
configure:22501: result: yes
configure:22505: checking GL/gl.h presence
configure:22515: gcc -E  conftest.c
configure:22521: $? = 0
configure:22541: result: yes
configure:22576: checking for GL/gl.h
configure:22583: result: yes
configure:22606: checking zlib.h usability
configure:22618: gcc -c -Wall -g -O2  conftest.c >&5
configure:22624: $? = 0
configure:22627: test -z 			 || test ! -s conftest.err
configure:22630: $? = 0
configure:22633: test -s conftest.o
configure:22636: $? = 0
configure:22646: result: yes
configure:22650: checking zlib.h presence
configure:22660: gcc -E  conftest.c
configure:22666: $? = 0
configure:22686: result: yes
configure:22721: checking for zlib.h
configure:22728: result: yes
configure:22742: checking for jpeg_start_decompress in -ljpeg
configure:22772: gcc -o conftest -Wall -g -O2   conftest.c -ljpeg   >&5
configure:22778: $? = 0
configure:22781: test -z 			 || test ! -s conftest.err
configure:22784: $? = 0
configure:22787: test -s conftest
configure:22790: $? = 0
configure:22803: result: yes
configure:22814: checking for jpeg_init_exif_field in -ljpeg
configure:22844: gcc -o conftest -Wall -g -O2   conftest.c -ljpeg   >&5
/tmp/ccyDRcXm.o: In function `main':/home/dario/Desktop/DevIL-1.6.8-RC1/conftest.c:43: undefined reference to `jpeg_init_exif_field'
collect2: ld returned 1 exit status
configure:22850: $? = 1
configure: failed program was:
| /* confdefs.h.  */
| 
| #define PACKAGE_NAME ""
| #define PACKAGE_TARNAME ""
| #define PACKAGE_VERSION ""
| #define PACKAGE_STRING ""
| #define PACKAGE_BUGREPORT ""
| #ifdef __cplusplus
| extern "C" void std::exit (int) throw (); using std::exit;
| #endif
| #define PACKAGE "DevIL"
| #define VERSION "1.6.8-RC1"
| #define STDC_HEADERS 1
| #define HAVE_SYS_TYPES_H 1
| #define HAVE_SYS_STAT_H 1
| #define HAVE_STDLIB_H 1
| #define HAVE_STRING_H 1
| #define HAVE_MEMORY_H 1
| #define HAVE_STRINGS_H 1
| #define HAVE_INTTYPES_H 1
| #define HAVE_STDINT_H 1
| #define HAVE_UNISTD_H 1
| #define HAVE_DLFCN_H 1
| #define SSE
| #define VECTORMEM
| #define SSE2
| #define VECTORMEM
| #define VALLOC
| #define POSIX_MEMALIGN
| #define MEMALIGN
| /* end confdefs.h.  */
| 
| /* Override any gcc2 internal prototype to avoid an error.  */
| #ifdef __cplusplus
| extern "C"
| #endif
| /* We use char because int might match the return type of a gcc2
|    builtin and then its argument prototype would still apply.  */
| char jpeg_init_exif_field ();
| int
| main ()
| {
| jpeg_init_exif_field ();
|   ;
|   return 0;
| }
configure:22875: result: no
configure:22914: checking for TIFFReadRGBAImage in -ltiff
configure:22944: gcc -o conftest -Wall -g -O2   conftest.c -ltiff -lm  >&5
conftest.c:32:1: warning: "IL_USE_JPEGLIB_UNMODIFIED" redefined
conftest.c:31:1: warning: this is the location of the previous definition
configure:22950: $? = 0
configure:22953: test -z 			 || test ! -s conftest.err
configure:22956: $? = 0
configure:22959: test -s conftest
configure:22962: $? = 0
configure:22975: result: yes
configure:22992: checking for png_start_read_image in -lpng
configure:23022: gcc -o conftest -Wall -g -O2   conftest.c -lpng -lpng12  >&5
conftest.c:32:1: warning: "IL_USE_JPEGLIB_UNMODIFIED" redefined
conftest.c:31:1: warning: this is the location of the previous definition
configure:23028: $? = 0
configure:23031: test -z 			 || test ! -s conftest.err
configure:23034: $? = 0
configure:23037: test -s conftest
configure:23040: $? = 0
configure:23053: result: yes
configure:23148: checking for mng_setcb_openstream in -lmng
configure:23178: gcc -o conftest -Wall -g -O2   conftest.c -lmng   >&5
conftest.c:32:1: warning: "IL_USE_JPEGLIB_UNMODIFIED" redefined
conftest.c:31:1: warning: this is the location of the previous definition
configure:23184: $? = 0
configure:23187: test -z 			 || test ! -s conftest.err
configure:23190: $? = 0
configure:23193: test -s conftest
configure:23196: $? = 0
configure:23209: result: yes
configure:23267: checking for sdl-config
configure:23298: result: no
configure:23306: checking for SDL - version >= 1.2.5
configure:23431: result: no
configure:23542: checking for glLoadIdentity in -lGL
configure:23572: g++ -o conftest -g -O2   conftest.cc -lGL   >&5
conftest.cc:32:1: warning: "IL_USE_JPEGLIB_UNMODIFIED" redefined
conftest.cc:31:1: warning: this is the location of the previous definition
configure:23578: $? = 0
configure:23581: test -z 			 || test ! -s conftest.err
configure:23584: $? = 0
configure:23587: test -s conftest
configure:23590: $? = 0
configure:23603: result: yes
configure:23609: checking for gluPerspective in -lGLU
configure:23639: g++ -o conftest -g -O2   conftest.cc -lGLU   >&5
conftest.cc:32:1: warning: "IL_USE_JPEGLIB_UNMODIFIED" redefined
conftest.cc:31:1: warning: this is the location of the previous definition
configure:23645: $? = 0
configure:23648: test -z 			 || test ! -s conftest.err
configure:23651: $? = 0
configure:23654: test -s conftest
configure:23657: $? = 0
configure:23670: result: yes
configure:23691: checking for allegro-config
configure:23718: result: no
configure:24268: result:  
configure:24270: result: +----------------------------------------+
configure:24272: result: |     IL library  Supported formats      |
configure:24274: result: +----------------------------------------+-------+
configure:24276: result: BMP DCX DDS WAD GIF HDR ICO JPG LIF MDL MNG PCD PCX PIC PIX PNG PNM PSD PSP PXR RAW SGI TGA TIF WAL XPM 
configure:24322: result:  
configure:24324: result: +----------------------------------------+
configure:24326: result: |      ILUT library  Supported APIs      |
configure:24328: result: +----------------------------------------+-------+
configure:24330: result: OpenGL 
configure:24333: result:  
configure:24438: creating ./config.status

## ---------------------- ##
## Running config.status. ##
## ---------------------- ##

This file was extended by config.status, which was
generated by GNU Autoconf 2.59.  Invocation command line was

  CONFIG_FILES    = 
  CONFIG_HEADERS  = 
  CONFIG_LINKS    = 
  CONFIG_COMMANDS = 
  $ ./config.status 

on baudelaire

config.status:839: creating Makefile
config.status:839: creating src-IL/Makefile
config.status:839: creating src-IL/src/Makefile
config.status:839: creating src-IL/include/Makefile
config.status:839: creating src-ILU/Makefile
config.status:839: creating src-ILU/src/Makefile
config.status:839: creating src-ILU/include/Makefile
config.status:839: creating src-ILUT/Makefile
config.status:839: creating src-ILUT/src/Makefile
config.status:839: creating src-ILUT/include/Makefile
config.status:839: creating include/Makefile
config.status:839: creating include/IL/Makefile
config.status:905: creating include/IL/config.h
config.status:1193: executing default-1 commands

## ---------------- ##
## Cache variables. ##
## ---------------- ##

ac_cv_build=i686-pc-linux-gnu
ac_cv_build_alias=i686-pc-linux-gnu
ac_cv_c_bigendian=no
ac_cv_c_compiler_gnu=yes
ac_cv_cxx_compiler_gnu=yes
ac_cv_env_CC_set=
ac_cv_env_CC_value=
ac_cv_env_CFLAGS_set=
ac_cv_env_CFLAGS_value=
ac_cv_env_CPPFLAGS_set=
ac_cv_env_CPPFLAGS_value=
ac_cv_env_CPP_set=
ac_cv_env_CPP_value=
ac_cv_env_CXXCPP_set=
ac_cv_env_CXXCPP_value=
ac_cv_env_CXXFLAGS_set=
ac_cv_env_CXXFLAGS_value=
ac_cv_env_CXX_set=
ac_cv_env_CXX_value=
ac_cv_env_F77_set=
ac_cv_env_F77_value=
ac_cv_env_FFLAGS_set=
ac_cv_env_FFLAGS_value=
ac_cv_env_LDFLAGS_set=
ac_cv_env_LDFLAGS_value=
ac_cv_env_build_alias_set=
ac_cv_env_build_alias_value=
ac_cv_env_host_alias_set=
ac_cv_env_host_alias_value=
ac_cv_env_target_alias_set=
ac_cv_env_target_alias_value=
ac_cv_exeext=
ac_cv_f77_compiler_gnu=no
ac_cv_func_connect=yes
ac_cv_func_gethostbyname=yes
ac_cv_func_memalign=yes
ac_cv_func_posix_memalign=yes
ac_cv_func_remove=yes
ac_cv_func_shmat=yes
ac_cv_func_valloc=yes
ac_cv_have_x='have_x=yes 		ac_x_includes= ac_x_libraries=/usr/X11R6/lib'
ac_cv_header_GL_gl_h=yes
ac_cv_header_d3d8_h=no
ac_cv_header_dlfcn_h=yes
ac_cv_header_inttypes_h=yes
ac_cv_header_jpeglib_h=yes
ac_cv_header_lcms_h=yes
ac_cv_header_lcms_lcms_h=no
ac_cv_header_libmng_h=yes
ac_cv_header_memory_h=yes
ac_cv_header_png_h=yes
ac_cv_header_stdc=yes
ac_cv_header_stdint_h=yes
ac_cv_header_stdlib_h=yes
ac_cv_header_string_h=yes
ac_cv_header_strings_h=yes
ac_cv_header_sys_stat_h=yes
ac_cv_header_sys_types_h=yes
ac_cv_header_tiffio_h=yes
ac_cv_header_unistd_h=yes
ac_cv_header_zlib_h=yes
ac_cv_host=i686-pc-linux-gnu
ac_cv_host_alias=i686-pc-linux-gnu
ac_cv_lib_GLU_gluPerspective=yes
ac_cv_lib_GL_glLoadIdentity=yes
ac_cv_lib_ICE_IceConnectionNumber=yes
ac_cv_lib_jpeg_jpeg_init_exif_field=no
ac_cv_lib_jpeg_jpeg_start_decompress=yes
ac_cv_lib_mng_mng_setcb_openstream=yes
ac_cv_lib_png_png_start_read_image=yes
ac_cv_lib_tiff_TIFFReadRGBAImage=yes
ac_cv_objext=o
ac_cv_path_SDL_CONFIG=no
ac_cv_path_install='/usr/bin/install -c'
ac_cv_prog_CPP='gcc -E'
ac_cv_prog_CXXCPP='g++ -E'
ac_cv_prog_ac_ct_AR=ar
ac_cv_prog_ac_ct_CC=gcc
ac_cv_prog_ac_ct_CXX=g++
ac_cv_prog_ac_ct_RANLIB=ranlib
ac_cv_prog_ac_ct_STRIP=strip
ac_cv_prog_allegro_config=no
ac_cv_prog_cc_g=yes
ac_cv_prog_cc_stdc=
ac_cv_prog_cxx_g=yes
ac_cv_prog_egrep='grep -E'
ac_cv_prog_f77_g=no
ac_cv_prog_make_make_set=yes
ac_cv_target=i686-pc-linux-gnu
ac_cv_target_alias=i686-pc-linux-gnu
lt_cv_deplibs_check_method=pass_all
lt_cv_file_magic_cmd='$MAGIC_CMD'
lt_cv_file_magic_test_file='/lib/libc.so.6 /lib/libc-2.3.6.so'
lt_cv_ld_reload_flag=-r
lt_cv_objdir=.libs
lt_cv_path_LD=/usr/bin/ld
lt_cv_path_LDCXX=/usr/bin/ld
lt_cv_path_NM='/usr/bin/nm -B'
lt_cv_path_SED=/bin/sed
lt_cv_prog_compiler_c_o=yes
lt_cv_prog_compiler_c_o_CXX=yes
lt_cv_prog_compiler_rtti_exceptions=no
lt_cv_prog_gnu_ld=yes
lt_cv_prog_gnu_ldcxx=yes
lt_cv_sys_global_symbol_pipe='sed -n -e '\''s/^.*[ 	]\([ABCDGISTW][ABCDGISTW]*\)[ 	][ 	]*\(\)\([_A-Za-z][_A-Za-z0-9]*\)$/\1 \2\3 \3/p'\'''
lt_cv_sys_global_symbol_to_c_name_address='sed -n -e '\''s/^: \([^ ]*\) $/  {\"\1\", (lt_ptr) 0},/p'\'' -e '\''s/^[BCDEGRST] \([^ ]*\) \([^ ]*\)$/  {"\2", (lt_ptr) \&\2},/p'\'''
lt_cv_sys_global_symbol_to_cdecl='sed -n -e '\''s/^. .* \(.*\)$/extern int \1;/p'\'''
lt_cv_sys_max_cmd_len=32768
lt_lt_cv_prog_compiler_c_o='"yes"'
lt_lt_cv_prog_compiler_c_o_CXX='"yes"'
lt_lt_cv_sys_global_symbol_pipe='"sed -n -e '\''s/^.*[ 	]\\([ABCDGISTW][ABCDGISTW]*\\)[ 	][ 	]*\\(\\)\\([_A-Za-z][_A-Za-z0-9]*\\)\$/\\1 \\2\\3 \\3/p'\''"'
lt_lt_cv_sys_global_symbol_to_c_name_address='"sed -n -e '\''s/^: \\([^ ]*\\) \$/  {\\\"\\1\\\", (lt_ptr) 0},/p'\'' -e '\''s/^[BCDEGRST] \\([^ ]*\\) \\([^ ]*\\)\$/  {\"\\2\", (lt_ptr) \\&\\2},/p'\''"'
lt_lt_cv_sys_global_symbol_to_cdecl='"sed -n -e '\''s/^. .* \\(.*\\)\$/extern int \\1;/p'\''"'

## ----------------- ##
## Output variables. ##
## ----------------- ##

ACLOCAL='/home/dario/Desktop/DevIL-1.6.8-RC1/libtools/missing aclocal-1.4'
AR='ar'
AS='as'
AUTOCONF='autoconf'
AUTOHEADER='autoheader'
AUTOMAKE='/home/dario/Desktop/DevIL-1.6.8-RC1/libtools/missing automake-1.4'
CC='gcc'
CFLAGS='-Wall -g -O2'
CPP='gcc -E'
CPPFLAGS=''
CXX='g++'
CXXCPP='g++ -E'
CXXFLAGS='-g -O2'
DEFS='-DHAVE_CONFIG_H'
DEVIL_LTVERSION='1:0:0'
DLLTOOL='dlltool'
ECHO='echo'
ECHO_C=''
ECHO_N='-n'
ECHO_T=''
EGREP='grep -E'
EXEEXT=''
F77=''
FFLAGS=''
HALLEGRO=''
HSDL=''
IL_NO_BMP_FALSE='#'
IL_NO_BMP_TRUE=''
IL_NO_DCX_FALSE='#'
IL_NO_DCX_TRUE=''
IL_NO_DDS_FALSE='#'
IL_NO_DDS_TRUE=''
IL_NO_DOOM_FALSE='#'
IL_NO_DOOM_TRUE=''
IL_NO_GIF_FALSE='#'
IL_NO_GIF_TRUE=''
IL_NO_HDR_FALSE='#'
IL_NO_HDR_TRUE=''
IL_NO_ICO_FALSE='#'
IL_NO_ICO_TRUE=''
IL_NO_JPG_FALSE='#'
IL_NO_JPG_TRUE=''
IL_NO_LCMS_FALSE=''
IL_NO_LCMS_TRUE='#'
IL_NO_LIF_FALSE='#'
IL_NO_LIF_TRUE=''
IL_NO_MDL_FALSE='#'
IL_NO_MDL_TRUE=''
IL_NO_MNG_FALSE='#'
IL_NO_MNG_TRUE=''
IL_NO_PCD_FALSE='#'
IL_NO_PCD_TRUE=''
IL_NO_PCX_FALSE='#'
IL_NO_PCX_TRUE=''
IL_NO_PIC_FALSE='#'
IL_NO_PIC_TRUE=''
IL_NO_PIX_FALSE='#'
IL_NO_PIX_TRUE=''
IL_NO_PNG_FALSE='#'
IL_NO_PNG_TRUE=''
IL_NO_PNM_FALSE='#'
IL_NO_PNM_TRUE=''
IL_NO_PSD_FALSE='#'
IL_NO_PSD_TRUE=''
IL_NO_PSP_FALSE='#'
IL_NO_PSP_TRUE=''
IL_NO_PXR_FALSE='#'
IL_NO_PXR_TRUE=''
IL_NO_RAW_FALSE='#'
IL_NO_RAW_TRUE=''
IL_NO_SGI_FALSE='#'
IL_NO_SGI_TRUE=''
IL_NO_TGA_FALSE='#'
IL_NO_TGA_TRUE=''
IL_NO_TIF_FALSE='#'
IL_NO_TIF_TRUE=''
IL_NO_WAL_FALSE='#'
IL_NO_WAL_TRUE=''
IL_NO_XPM_FALSE='#'
IL_NO_XPM_TRUE=''
INSTALL_DATA='${INSTALL} -m 644'
INSTALL_PROGRAM='${INSTALL}'
INSTALL_SCRIPT='${INSTALL}'
LDFLAGS=''
LIBALLEGRO=''
LIBGDI32=''
LIBGL='-lGLU'
LIBILUT_CFLAGS='-Wall -g -O2'
LIBILUT_WIN32LIBPATH=''
LIBILU_CFLAGS='-Wall -g -O2'
LIBIL_CFLAGS='-Wall -g -O2'
LIBJPG='-ljpeg'
LIBLCMS=''
LIBMNG='-lmng'
LIBOBJS=''
LIBPNG='-lpng'
LIBS=''
LIBSDL=''
LIBTIFF='-ltiff'
LIBTOOL='$(SHELL) $(top_builddir)/libtool'
LIBZ='-lz'
LN_S='ln -s'
LTLIBOBJS=''
MAINT='#'
MAINTAINER_MODE_FALSE=''
MAINTAINER_MODE_TRUE='#'
MAKEINFO='/home/dario/Desktop/DevIL-1.6.8-RC1/libtools/missing makeinfo'
OBJDUMP='objdump'
OBJEXT='o'
PACKAGE='DevIL'
PACKAGE_BUGREPORT=''
PACKAGE_NAME=''
PACKAGE_STRING=''
PACKAGE_TARNAME=''
PACKAGE_VERSION=''
PATH_SEPARATOR=':'
RANLIB='ranlib'
SDL_CFLAGS=''
SDL_CONFIG='no'
SDL_LIBS=''
SET_MAKE=''
SHELL='/bin/sh'
STRIP='strip'
VERSION='1.6.8-RC1'
VERSIONINFO='-version-info 1:0:0'
X_CFLAGS=''
X_EXTRA_LIBS=''
X_LIBS=' -L/usr/X11R6/lib'
X_PRE_LIBS=' -lSM -lICE'
ac_ct_AR='ar'
ac_ct_AS=''
ac_ct_CC='gcc'
ac_ct_CXX='g++'
ac_ct_DLLTOOL=''
ac_ct_F77=''
ac_ct_OBJDUMP=''
ac_ct_RANLIB='ranlib'
ac_ct_STRIP='strip'
allegro_config='no'
bindir='${exec_prefix}/bin'
build='i686-pc-linux-gnu'
build_alias=''
build_cpu='i686'
build_os='linux-gnu'
build_vendor='pc'
datadir='${prefix}/share'
exec_prefix='${prefix}'
host='i686-pc-linux-gnu'
host_alias=''
host_cpu='i686'
host_os='linux-gnu'
host_vendor='pc'
includedir='${prefix}/include'
infodir='${prefix}/info'
libdir='${exec_prefix}/lib'
libexecdir='${exec_prefix}/libexec'
localstatedir='${prefix}/var'
mandir='${prefix}/man'
oldincludedir='/usr/include'
prefix='/usr/local'
program_transform_name='s,x,x,'
sbindir='${exec_prefix}/sbin'
sdl_major_version=''
sdl_micro_version=''
sdl_minor_version=''
sharedstatedir='${prefix}/com'
sysconfdir='${prefix}/etc'
target='i686-pc-linux-gnu'
target_alias=''
target_cpu='i686'
target_os='linux-gnu'
target_vendor='pc'

## ----------- ##
## confdefs.h. ##
## ----------- ##

#define HAVE_DLFCN_H 1
#define HAVE_INTTYPES_H 1
#define HAVE_MEMORY_H 1
#define HAVE_STDINT_H 1
#define HAVE_STDLIB_H 1
#define HAVE_STRINGS_H 1
#define HAVE_STRING_H 1
#define HAVE_SYS_STAT_H 1
#define HAVE_SYS_TYPES_H 1
#define HAVE_UNISTD_H 1
#define ILUT_USE_OPENGL
#define IL_NO_LCMS
#define IL_USE_JPEGLIB_UNMODIFIED
#define IL_USE_JPEGLIB_UNMODIFIED 1
#define MEMALIGN
#define PACKAGE "DevIL"
#define PACKAGE_BUGREPORT ""
#define PACKAGE_NAME ""
#define PACKAGE_STRING ""
#define PACKAGE_TARNAME ""
#define PACKAGE_VERSION ""
#define POSIX_MEMALIGN
#define SSE
#define SSE2
#define STDC_HEADERS 1
#define VALLOC
#define VECTORMEM
#define VECTORMEM
#define VERSION "1.6.8-RC1"
#endif
#ifdef __cplusplus
extern "C" void std::exit (int) throw (); using std::exit;

configure: exit 0
